<?xml version="1.0" encoding="UTF-8"?>
<testsuite xmlns:xsi="http://www.w3.org/2001/XMLSchema-instance" xsi:noNamespaceSchemaLocation="https://maven.apache.org/surefire/maven-surefire-plugin/xsd/surefire-test-report-3.0.xsd" version="3.0" name="com.bobocode.UserProfileDbInitializerTest" time="0.612" tests="19" errors="0" skipped="0" failures="0">
  <properties>
[...]
</properties>
  <testcase name="usersTableHasCorrectName" classname="com.bobocode.UserProfileDbInitializerTest" time="0.107"/>
  <testcase name="userIdTypeIsBigint" classname="com.bobocode.UserProfileDbInitializerTest" time="0.016"/>
  <testcase name="usersTableHasAllRequiredColumns" classname="com.bobocode.UserProfileDbInitializerTest" time="0.011"/>
  <testcase name="testUsersTableStringColumnsHaveCorrectTypeAndLength" classname="com.bobocode.UserProfileDbInitializerTest" time="0.005"/>
  <testcase name="userBirthdayTypeIsDate" classname="com.bobocode.UserProfileDbInitializerTest" time="0.005"/>
  <testcase name="usersTableRequiredColumnsHaveHaveNotNullConstraint" classname="com.bobocode.UserProfileDbInitializerTest" time="0.004"/>
  <testcase name="usersTableHasPrimaryKey" classname="com.bobocode.UserProfileDbInitializerTest" time="0.012"/>
  <testcase name="usersTablePrimaryKeyHasCorrectName" classname="com.bobocode.UserProfileDbInitializerTest" time="0.005"/>
  <testcase name="usersTablePrimaryKeyBasedOnIdField" classname="com.bobocode.UserProfileDbInitializerTest" time="0.002"/>
  <testcase name="testUsersTableHasCorrectAlternativeKey" classname="com.bobocode.UserProfileDbInitializerTest" time="0.002"/>
  <testcase name="userProfileTableHasCorrectName" classname="com.bobocode.UserProfileDbInitializerTest" time="0.005"/>
  <testcase name="testProfilesGroupIdTypeIsBigint" classname="com.bobocode.UserProfileDbInitializerTest" time="0.013"/>
  <testcase name="testProfilesTableHasAllRequiredColumns" classname="com.bobocode.UserProfileDbInitializerTest" time="0.004"/>
  <testcase name="profilesTableStringColumnsHaveCorrectTypeAndLength" classname="com.bobocode.UserProfileDbInitializerTest" time="0.008"/>
  <testcase name="profilesTablesHasPrimaryKey" classname="com.bobocode.UserProfileDbInitializerTest" time="0.005"/>
  <testcase name="profilesTablePrimaryKeyHasCorrectName" classname="com.bobocode.UserProfileDbInitializerTest" time="0.004"/>
  <testcase name="profilesTablePrimaryKeyBasedOnForeignKeyColumn" classname="com.bobocode.UserProfileDbInitializerTest" time="0.012"/>
  <testcase name="testProfilesHasForeignKeyToUsers" classname="com.bobocode.UserProfileDbInitializerTest" time="0.004"/>
  <testcase name="profilesForeignKeyToUsersHasCorrectName" classname="com.bobocode.UserProfileDbInitializerTest" time="0.007"/>
</testsuite>