<?xml version="1.0" encoding="UTF-8"?>
<testsuite xmlns:xsi="http://www.w3.org/2001/XMLSchema-instance" xsi:noNamespaceSchemaLocation="https://maven.apache.org/surefire/maven-surefire-plugin/xsd/surefire-test-report-3.0.xsd" version="3.0" name="com.bobocode.WallStreetDbInitializerTest" time="0.637" tests="27" errors="0" skipped="0" failures="0">
  <properties>
[...]
</properties>
  <testcase name="brokerTableHasCorrectNames" classname="com.bobocode.WallStreetDbInitializerTest" time="0.089"/>
  <testcase name="brokerTableHasAllRequiredColumns" classname="com.bobocode.WallStreetDbInitializerTest" time="0.021"/>
  <testcase name="brokerIdTypeIsBigint" classname="com.bobocode.WallStreetDbInitializerTest" time="0.007"/>
  <testcase name="brokerTableRequiredColumnsHaveNotNullConstraint" classname="com.bobocode.WallStreetDbInitializerTest" time="0.005"/>
  <testcase name="brokerTableStringColumnsHaveCorrectTypeAndLength" classname="com.bobocode.WallStreetDbInitializerTest" time="0.009"/>
  <testcase name="brokerTableHasPrimaryKey" classname="com.bobocode.WallStreetDbInitializerTest" time="0.008"/>
  <testcase name="brokerTablePrimaryKeyHasCorrectName" classname="com.bobocode.WallStreetDbInitializerTest" time="0.006"/>
  <testcase name="brokerTablePrimaryKeyBasedOnIdField" classname="com.bobocode.WallStreetDbInitializerTest" time="0.005"/>
  <testcase name="brokerTableHasCorrectUniqueConstraint" classname="com.bobocode.WallStreetDbInitializerTest" time="0.003"/>
  <testcase name="salesGroupTableHasCorrectNames" classname="com.bobocode.WallStreetDbInitializerTest" time="0.008"/>
  <testcase name="saleGroupTableHasAllRequiredColumns" classname="com.bobocode.WallStreetDbInitializerTest" time="0.008"/>
  <testcase name="saleGroupIdTypeIsBigint" classname="com.bobocode.WallStreetDbInitializerTest" time="0.003"/>
  <testcase name="saleGroupTableRequiredColumnsHaveNotNullConstraint" classname="com.bobocode.WallStreetDbInitializerTest" time="0.008"/>
  <testcase name="saleGroupTableStringColumnsHaveCorrectTypeAndLength" classname="com.bobocode.WallStreetDbInitializerTest" time="0.006"/>
  <testcase name="saleGroupTablesHasPrimaryKey" classname="com.bobocode.WallStreetDbInitializerTest" time="0.005"/>
  <testcase name="saleGroupTablePrimaryKeyHasCorrectName" classname="com.bobocode.WallStreetDbInitializerTest" time="0.004"/>
  <testcase name="saleGroupTablePrimaryKeyBasedOnIdField" classname="com.bobocode.WallStreetDbInitializerTest" time="0.003"/>
  <testcase name="saleGroupTableHasCorrectUniqueConstraint" classname="com.bobocode.WallStreetDbInitializerTest" time="0.005"/>
  <testcase name="relationTableHasCorrectNames" classname="com.bobocode.WallStreetDbInitializerTest" time="0.004"/>
  <testcase name="brokerSaleGroupTableHasCorrectColumns" classname="com.bobocode.WallStreetDbInitializerTest" time="0.004"/>
  <testcase name="brokerSaleGroupTableColumnsHaveNotNullConstraint" classname="com.bobocode.WallStreetDbInitializerTest" time="0.003"/>
  <testcase name="brokerSaleGroupForeignKeysTypeAreBigint" classname="com.bobocode.WallStreetDbInitializerTest" time="0.004"/>
  <testcase name="brokerSaleGroupTableHasCompositePrimaryKey" classname="com.bobocode.WallStreetDbInitializerTest" time="0.003"/>
  <testcase name="brokerSaleGroupTablesHasForeignKeyToBroker" classname="com.bobocode.WallStreetDbInitializerTest" time="0.003"/>
  <testcase name="brokerSaleGroupTableForeignKeyToBrokerHasCorrectName" classname="com.bobocode.WallStreetDbInitializerTest" time="0.011"/>
  <testcase name="brokerSaleGroupTablesHasForeignKeyToSalesGroup" classname="com.bobocode.WallStreetDbInitializerTest" time="0.007"/>
  <testcase name="brokerSaleGroupTableForeignKeyToSalesGroupHasCorrectName" classname="com.bobocode.WallStreetDbInitializerTest" time="0.002"/>
</testsuite>